<?xml version="1.0" encoding="UTF-8"?>
<testng-results skipped="0" failed="0" ignored="0" total="1" passed="1">
  <reporter-output>
  </reporter-output>
  <suite name="Default suite" duration-ms="129235" started-at="2019-12-14T16:34:44 IST" finished-at="2019-12-14T16:36:54 IST">
    <groups>
    </groups>
    <test name="Default test" duration-ms="129235" started-at="2019-12-14T16:34:44 IST" finished-at="2019-12-14T16:36:54 IST">
      <class name="org.amazon.testcases.Testcase001">
        <test-method status="PASS" signature="setData()[pri:0, instance:org.amazon.testcases.Testcase001@76707e36]" name="setData" is-config="true" duration-ms="94" started-at="2019-12-14T16:34:44 IST" finished-at="2019-12-14T16:34:45 IST">
          <reporter-output>
          </reporter-output>
        </test-method> <!-- setData -->
        <test-method status="PASS" signature="login()[pri:0, instance:org.amazon.testcases.Testcase001@76707e36]" name="login" is-config="true" duration-ms="59785" started-at="2019-12-14T16:34:59 IST" finished-at="2019-12-14T16:35:59 IST">
          <reporter-output>
          </reporter-output>
        </test-method> <!-- login -->
        <test-method status="PASS" signature="CreateTC(java.lang.String)[pri:0, instance:org.amazon.testcases.Testcase001@76707e36]" name="CreateTC" duration-ms="54836" started-at="2019-12-14T16:35:59 IST" data-provider="ExcelData" finished-at="2019-12-14T16:36:53 IST">
          <params>
            <param index="0">
              <value>
                <![CDATA[Samsung Galaxy M30]]>
              </value>
            </param>
          </params>
          <reporter-output>
          </reporter-output>
        </test-method> <!-- CreateTC -->
        <test-method status="PASS" signature="logout()[pri:0, instance:org.amazon.testcases.Testcase001@76707e36]" name="logout" is-config="true" duration-ms="64" started-at="2019-12-14T16:36:54 IST" finished-at="2019-12-14T16:36:54 IST">
          <reporter-output>
          </reporter-output>
        </test-method> <!-- logout -->
      </class> <!-- org.amazon.testcases.Testcase001 -->
    </test> <!-- Default test -->
  </suite> <!-- Default suite -->
</testng-results>
